  Source.cpp
c:\users\benlo\documents\visual studio 2017\projects\stockanalyzer\stockanalyzer\csv.h(77): warning C4996: 'strncpy': This function or variable may be unsafe. Consider using strncpy_s instead. To disable deprecation, use _CRT_SECURE_NO_WARNINGS. See online help for details.
  C:\Program Files (x86)\Windows Kits\10\Include\10.0.15063.0\ucrt\string.h(343): note: see declaration of 'strncpy'
c:\users\benlo\documents\visual studio 2017\projects\stockanalyzer\stockanalyzer\csv.h(116): warning C4996: 'strerror': This function or variable may be unsafe. Consider using strerror_s instead. To disable deprecation, use _CRT_SECURE_NO_WARNINGS. See online help for details.
  C:\Program Files (x86)\Windows Kits\10\Include\10.0.15063.0\ucrt\string.h(181): note: see declaration of 'strerror'
c:\users\benlo\documents\visual studio 2017\projects\stockanalyzer\stockanalyzer\csv.h(169): warning C4244: 'return': conversion from 'std::streamsize' to 'int', possible loss of data
c:\users\benlo\documents\visual studio 2017\projects\stockanalyzer\stockanalyzer\csv.h(185): warning C4244: '=': conversion from '__int64' to 'int', possible loss of data
c:\users\benlo\documents\visual studio 2017\projects\stockanalyzer\stockanalyzer\csv.h(332): warning C4996: 'fopen': This function or variable may be unsafe. Consider using fopen_s instead. To disable deprecation, use _CRT_SECURE_NO_WARNINGS. See online help for details.
  C:\Program Files (x86)\Windows Kits\10\Include\10.0.15063.0\ucrt\stdio.h(207): note: see declaration of 'fopen'
c:\users\benlo\documents\visual studio 2017\projects\stockanalyzer\stockanalyzer\csv.h(420): warning C4996: 'strncpy': This function or variable may be unsafe. Consider using strncpy_s instead. To disable deprecation, use _CRT_SECURE_NO_WARNINGS. See online help for details.
  C:\Program Files (x86)\Windows Kits\10\Include\10.0.15063.0\ucrt\string.h(343): note: see declaration of 'strncpy'
c:\users\benlo\documents\visual studio 2017\projects\stockanalyzer\stockanalyzer\csv.h(501): warning C4996: 'strncpy': This function or variable may be unsafe. Consider using strncpy_s instead. To disable deprecation, use _CRT_SECURE_NO_WARNINGS. See online help for details.
  C:\Program Files (x86)\Windows Kits\10\Include\10.0.15063.0\ucrt\string.h(343): note: see declaration of 'strncpy'
c:\users\benlo\documents\visual studio 2017\projects\stockanalyzer\stockanalyzer\csv.h(517): warning C4996: 'strncpy': This function or variable may be unsafe. Consider using strncpy_s instead. To disable deprecation, use _CRT_SECURE_NO_WARNINGS. See online help for details.
  C:\Program Files (x86)\Windows Kits\10\Include\10.0.15063.0\ucrt\string.h(343): note: see declaration of 'strncpy'
Source.cpp(239): warning C4018: '<': signed/unsigned mismatch
Source.cpp(245): warning C4018: '<': signed/unsigned mismatch
Source.cpp(142): warning C4102: 'std': unreferenced label
Source.cpp(390): warning C4244: 'initializing': conversion from 'double' to 'float', possible loss of data
Source.cpp(395): warning C4018: '<': signed/unsigned mismatch
Source.cpp(396): warning C4244: '=': conversion from 'double' to 'float', possible loss of data
Source.cpp(406): warning C4018: '<': signed/unsigned mismatch
Source.cpp(441): warning C4018: '<': signed/unsigned mismatch
Source.cpp(444): warning C4018: '<': signed/unsigned mismatch
Source.cpp(788): warning C4244: 'initializing': conversion from 'float' to 'int', possible loss of data
Source.cpp(791): warning C4244: '=': conversion from 'float' to 'int', possible loss of data
Source.cpp(925): warning C4244: 'initializing': conversion from 'unsigned int' to 'float', possible loss of data
Source.cpp(1093): warning C4244: 'initializing': conversion from 'float' to 'int', possible loss of data
Source.cpp(1096): warning C4244: '=': conversion from 'float' to 'int', possible loss of data
Source.cpp(1144): warning C4244: '=': conversion from 'double' to 'float', possible loss of data
Source.cpp(1221): warning C4018: '<': signed/unsigned mismatch
c:\users\benlo\documents\visual studio 2017\projects\stockanalyzer\stockanalyzer\csv.h(1045): warning C4305: '=': truncation from 'double' to 'float'
  c:\users\benlo\documents\visual studio 2017\projects\stockanalyzer\stockanalyzer\csv.h(1071): note: see reference to function template instantiation 'void io::detail::parse_float<float>(const char *,T &)' being compiled
          with
          [
              T=float
          ]
  c:\users\benlo\documents\visual studio 2017\projects\stockanalyzer\stockanalyzer\csv.h(1203): note: see reference to function template instantiation 'void io::detail::parse<overflow_policy>(char *,float &)' being compiled
          with
          [
              overflow_policy=io::throw_on_overflow
          ]
  c:\users\benlo\documents\visual studio 2017\projects\stockanalyzer\stockanalyzer\csv.h(1213): note: see reference to function template instantiation 'void io::CSVReader<7,io::trim_chars<32,9>,io::no_quote_escape<44>,io::throw_on_overflow,io::no_comment>::parse_helper<float,float,float,float,unsigned int,float>(::size_t,T &,float &,float &,float &,unsigned int &,float &)' being compiled
          with
          [
              T=float
          ]
  c:\users\benlo\documents\visual studio 2017\projects\stockanalyzer\stockanalyzer\csv.h(1213): note: see reference to function template instantiation 'void io::CSVReader<7,io::trim_chars<32,9>,io::no_quote_escape<44>,io::throw_on_overflow,io::no_comment>::parse_helper<float,float,float,float,unsigned int,float>(::size_t,T &,float &,float &,float &,unsigned int &,float &)' being compiled
          with
          [
              T=float
          ]
  c:\users\benlo\documents\visual studio 2017\projects\stockanalyzer\stockanalyzer\csv.h(1237): note: see reference to function template instantiation 'void io::CSVReader<7,io::trim_chars<32,9>,io::no_quote_escape<44>,io::throw_on_overflow,io::no_comment>::parse_helper<std::string,float,float,float,float,unsigned int,float>(::size_t,T &,float &,float &,float &,float &,unsigned int &,float &)' being compiled
          with
          [
              T=std::string
          ]
  c:\users\benlo\documents\visual studio 2017\projects\stockanalyzer\stockanalyzer\csv.h(1237): note: see reference to function template instantiation 'void io::CSVReader<7,io::trim_chars<32,9>,io::no_quote_escape<44>,io::throw_on_overflow,io::no_comment>::parse_helper<std::string,float,float,float,float,unsigned int,float>(::size_t,T &,float &,float &,float &,float &,unsigned int &,float &)' being compiled
          with
          [
              T=std::string
          ]
  Source.cpp(260): note: see reference to function template instantiation 'bool io::CSVReader<7,io::trim_chars<32,9>,io::no_quote_escape<44>,io::throw_on_overflow,io::no_comment>::read_row<std::string,float,float,float,float,unsigned int,float>(std::string &,float &,float &,float &,float &,unsigned int &,float &)' being compiled
  Source.cpp(260): note: see reference to function template instantiation 'bool io::CSVReader<7,io::trim_chars<32,9>,io::no_quote_escape<44>,io::throw_on_overflow,io::no_comment>::read_row<std::string,float,float,float,float,unsigned int,float>(std::string &,float &,float &,float &,float &,unsigned int &,float &)' being compiled
  Generating code
  3 of 1126 functions ( 0.3%) were compiled, the rest were copied from previous compilation.
    0 functions were new in current compilation
    0 functions had inline decision re-evaluated but remain unchanged
  Finished generating code
  stockAnalyzer.vcxproj -> C:\Users\benlo\documents\visual studio 2017\Projects\stockAnalyzer\Release\stockAnalyzer.exe
